# JRE version: Java(TM) SE Runtime Environment (17.0.1+12) (build 17.0.1+12-LTS-39)
# Java VM: Java HotSpot(TM) 64-Bit Server VM (17.0.1+12-LTS-39, mixed mode, sharing, tiered, compressed oops, compressed class ptrs, serial gc, linux-amd64)
GC Precious Log:
 CPUs: 1 total, 1 available
 Memory: 1985M
 Large Page Support: Disabled
 NUMA Support: Disabled
 Compressed Oops: Enabled (32-bit)
 Heap Min Capacity: 8M
 Heap Initial Capacity: 32M
 Heap Max Capacity: 498M
 Pre-touch: Disabled
Heap:
 def new generation   total 9792K, used 5580K [0x00000000e0e00000, 0x00000000e18a0000, 0x00000000eb400000)
  eden space 8704K,  52% used [0x00000000e0e00000, 0x00000000e1272438, 0x00000000e1680000)
  from space 1088K,  94% used [0x00000000e1790000, 0x00000000e1890c50, 0x00000000e18a0000)
  to   space 1088K,   0% used [0x00000000e1680000, 0x00000000e1680000, 0x00000000e1790000)
 tenured generation   total 21888K, used 12888K [0x00000000eb400000, 0x00000000ec960000, 0x0000000100000000)
   the space 21888K,  58% used [0x00000000eb400000, 0x00000000ec0962d0, 0x00000000ec096400, 0x00000000ec960000)
 Metaspace       used 13507K, committed 13760K, reserved 1064960K
  class space    used 2090K, committed 2240K, reserved 1048576K
GC Heap History (14 events):
Event: 0,425 GC heap before
{Heap before GC invocations=0 (full 0):
 def new generation   total 9792K, used 8685K [0x00000000e0e00000, 0x00000000e18a0000, 0x00000000eb400000)
  eden space 8704K,  99% used [0x00000000e0e00000, 0x00000000e167b410, 0x00000000e1680000)
  from space 1088K,   0% used [0x00000000e1680000, 0x00000000e1680000, 0x00000000e1790000)
  to   space 1088K,   0% used [0x00000000e1790000, 0x00000000e1790000, 0x00000000e18a0000)
 tenured generation   total 21888K, used 0K [0x00000000eb400000, 0x00000000ec960000, 0x0000000100000000)
   the space 21888K,   0% used [0x00000000eb400000, 0x00000000eb400000, 0x00000000eb400200, 0x00000000ec960000)
 Metaspace       used 1181K, committed 1344K, reserved 1056768K
  class space    used 111K, committed 192K, reserved 1048576K
}
Event: 0,427 GC heap after
{Heap after GC invocations=1 (full 0):
 def new generation   total 9792K, used 1088K [0x00000000e0e00000, 0x00000000e18a0000, 0x00000000eb400000)
  eden space 8704K,   0% used [0x00000000e0e00000, 0x00000000e0e00000, 0x00000000e1680000)
  from space 1088K, 100% used [0x00000000e1790000, 0x00000000e18a0000, 0x00000000e18a0000)
  to   space 1088K,   0% used [0x00000000e1680000, 0x00000000e1680000, 0x00000000e1790000)
 tenured generation   total 21888K, used 548K [0x00000000eb400000, 0x00000000ec960000, 0x0000000100000000)
   the space 21888K,   2% used [0x00000000eb400000, 0x00000000eb489258, 0x00000000eb489400, 0x00000000ec960000)
 Metaspace       used 1181K, committed 1344K, reserved 1056768K
  class space    used 111K, committed 192K, reserved 1048576K
}
Event: 0,987 GC heap before
{Heap before GC invocations=1 (full 0):
 def new generation   total 9792K, used 9792K [0x00000000e0e00000, 0x00000000e18a0000, 0x00000000eb400000)
  eden space 8704K, 100% used [0x00000000e0e00000, 0x00000000e1680000, 0x00000000e1680000)
  from space 1088K, 100% used [0x00000000e1790000, 0x00000000e18a0000, 0x00000000e18a0000)
  to   space 1088K,   0% used [0x00000000e1680000, 0x00000000e1680000, 0x00000000e1790000)
 tenured generation   total 21888K, used 548K [0x00000000eb400000, 0x00000000ec960000, 0x0000000100000000)
   the space 21888K,   2% used [0x00000000eb400000, 0x00000000eb489258, 0x00000000eb489400, 0x00000000ec960000)
 Metaspace       used 4147K, committed 4352K, reserved 1056768K
  class space    used 484K, committed 576K, reserved 1048576K
}
Event: 0,991 GC heap after
{Heap after GC invocations=2 (full 0):
 def new generation   total 9792K, used 472K [0x00000000e0e00000, 0x00000000e18a0000, 0x00000000eb400000)
  eden space 8704K,   0% used [0x00000000e0e00000, 0x00000000e0e00000, 0x00000000e1680000)
  from space 1088K,  43% used [0x00000000e1680000, 0x00000000e16f62d0, 0x00000000e1790000)
  to   space 1088K,   0% used [0x00000000e1790000, 0x00000000e1790000, 0x00000000e18a0000)
 tenured generation   total 21888K, used 1586K [0x00000000eb400000, 0x00000000ec960000, 0x0000000100000000)
   the space 21888K,   7% used [0x00000000eb400000, 0x00000000eb58c8f0, 0x00000000eb58ca00, 0x00000000ec960000)
 Metaspace       used 4147K, committed 4352K, reserved 1056768K
  class space    used 484K, committed 576K, reserved 1048576K
}
Event: 1,282 GC heap before
{Heap before GC invocations=2 (full 0):
 def new generation   total 9792K, used 9176K [0x00000000e0e00000, 0x00000000e18a0000, 0x00000000eb400000)
  eden space 8704K, 100% used [0x00000000e0e00000, 0x00000000e1680000, 0x00000000e1680000)
  from space 1088K,  43% used [0x00000000e1680000, 0x00000000e16f62d0, 0x00000000e1790000)
  to   space 1088K,   0% used [0x00000000e1790000, 0x00000000e1790000, 0x00000000e18a0000)
 tenured generation   total 21888K, used 1586K [0x00000000eb400000, 0x00000000ec960000, 0x0000000100000000)
   the space 21888K,   7% used [0x00000000eb400000, 0x00000000eb58c8f0, 0x00000000eb58ca00, 0x00000000ec960000)
 Metaspace       used 6145K, committed 6272K, reserved 1056768K
  class space    used 832K, committed 896K, reserved 1048576K
}
Event: 1,290 GC heap after
{Heap after GC invocations=3 (full 0):
 def new generation   total 9792K, used 1087K [0x00000000e0e00000, 0x00000000e18a0000, 0x00000000eb400000)
  eden space 8704K,   0% used [0x00000000e0e00000, 0x00000000e0e00000, 0x00000000e1680000)
  from space 1088K,  99% used [0x00000000e1790000, 0x00000000e189fff8, 0x00000000e18a0000)
  to   space 1088K,   0% used [0x00000000e1680000, 0x00000000e1680000, 0x00000000e1790000)
 tenured generation   total 21888K, used 2363K [0x00000000eb400000, 0x00000000ec960000, 0x0000000100000000)
   the space 21888K,  10% used [0x00000000eb400000, 0x00000000eb64eca8, 0x00000000eb64ee00, 0x00000000ec960000)
 Metaspace       used 6145K, committed 6272K, reserved 1056768K
  class space    used 832K, committed 896K, reserved 1048576K
}
Event: 1,537 GC heap before
{Heap before GC invocations=3 (full 0):
 def new generation   total 9792K, used 9791K [0x00000000e0e00000, 0x00000000e18a0000, 0x00000000eb400000)
  eden space 8704K, 100% used [0x00000000e0e00000, 0x00000000e1680000, 0x00000000e1680000)
  from space 1088K,  99% used [0x00000000e1790000, 0x00000000e189fff8, 0x00000000e18a0000)
  to   space 1088K,   0% used [0x00000000e1680000, 0x00000000e1680000, 0x00000000e1790000)
 tenured generation   total 21888K, used 2363K [0x00000000eb400000, 0x00000000ec960000, 0x0000000100000000)
   the space 21888K,  10% used [0x00000000eb400000, 0x00000000eb64eca8, 0x00000000eb64ee00, 0x00000000ec960000)
 Metaspace       used 8575K, committed 8768K, reserved 1064960K
  class space    used 1306K, committed 1408K, reserved 1048576K
}
Event: 1,541 GC heap after
{Heap after GC invocations=4 (full 0):
 def new generation   total 9792K, used 440K [0x00000000e0e00000, 0x00000000e18a0000, 0x00000000eb400000)
  eden space 8704K,   0% used [0x00000000e0e00000, 0x00000000e0e00000, 0x00000000e1680000)
  from space 1088K,  40% used [0x00000000e1680000, 0x00000000e16ee238, 0x00000000e1790000)
  to   space 1088K,   0% used [0x00000000e1790000, 0x00000000e1790000, 0x00000000e18a0000)
 tenured generation   total 21888K, used 3439K [0x00000000eb400000, 0x00000000ec960000, 0x0000000100000000)
   the space 21888K,  15% used [0x00000000eb400000, 0x00000000eb75bf80, 0x00000000eb75c000, 0x00000000ec960000)
 Metaspace       used 8575K, committed 8768K, reserved 1064960K
  class space    used 1306K, committed 1408K, reserved 1048576K
}
Event: 1,730 GC heap before
{Heap before GC invocations=4 (full 0):
 def new generation   total 9792K, used 5715K [0x00000000e0e00000, 0x00000000e18a0000, 0x00000000eb400000)
  eden space 8704K,  60% used [0x00000000e0e00000, 0x00000000e1326a48, 0x00000000e1680000)
  from space 1088K,  40% used [0x00000000e1680000, 0x00000000e16ee238, 0x00000000e1790000)
  to   space 1088K,   0% used [0x00000000e1790000, 0x00000000e1790000, 0x00000000e18a0000)
 tenured generation   total 21888K, used 3439K [0x00000000eb400000, 0x00000000ec960000, 0x0000000100000000)
   the space 21888K,  15% used [0x00000000eb400000, 0x00000000eb75bf80, 0x00000000eb75c000, 0x00000000ec960000)
 Metaspace       used 10041K, committed 10240K, reserved 1064960K
  class space    used 1542K, committed 1664K, reserved 1048576K
}
Event: 1,733 GC heap after
{Heap after GC invocations=5 (full 0):
 def new generation   total 9792K, used 1087K [0x00000000e0e00000, 0x00000000e18a0000, 0x00000000eb400000)
  eden space 8704K,   0% used [0x00000000e0e00000, 0x00000000e0e00000, 0x00000000e1680000)
  from space 1088K,  99% used [0x00000000e1790000, 0x00000000e189fff8, 0x00000000e18a0000)
  to   space 1088K,   0% used [0x00000000e1680000, 0x00000000e1680000, 0x00000000e1790000)
 tenured generation   total 21888K, used 3613K [0x00000000eb400000, 0x00000000ec960000, 0x0000000100000000)
   the space 21888K,  16% used [0x00000000eb400000, 0x00000000eb787620, 0x00000000eb787800, 0x00000000ec960000)
 Metaspace       used 10041K, committed 10240K, reserved 1064960K
  class space    used 1542K, committed 1664K, reserved 1048576K
}
Event: 1,763 GC heap before
{Heap before GC invocations=5 (full 0):
 def new generation   total 9792K, used 9791K [0x00000000e0e00000, 0x00000000e18a0000, 0x00000000eb400000)
  eden space 8704K, 100% used [0x00000000e0e00000, 0x00000000e1680000, 0x00000000e1680000)
  from space 1088K,  99% used [0x00000000e1790000, 0x00000000e189fff8, 0x00000000e18a0000)
  to   space 1088K,   0% used [0x00000000e1680000, 0x00000000e1680000, 0x00000000e1790000)
 tenured generation   total 21888K, used 3613K [0x00000000eb400000, 0x00000000ec960000, 0x0000000100000000)
   the space 21888K,  16% used [0x00000000eb400000, 0x00000000eb787620, 0x00000000eb787800, 0x00000000ec960000)
 Metaspace       used 10166K, committed 10368K, reserved 1064960K
  class space    used 1559K, committed 1664K, reserved 1048576K
}
Event: 1,792 GC heap after
{Heap after GC invocations=6 (full 0):
 def new generation   total 9792K, used 25K [0x00000000e0e00000, 0x00000000e18a0000, 0x00000000eb400000)
  eden space 8704K,   0% used [0x00000000e0e00000, 0x00000000e0e00000, 0x00000000e1680000)
  from space 1088K,   2% used [0x00000000e1680000, 0x00000000e16864a0, 0x00000000e1790000)
  to   space 1088K,   0% used [0x00000000e1790000, 0x00000000e1790000, 0x00000000e18a0000)
 tenured generation   total 21888K, used 12888K [0x00000000eb400000, 0x00000000ec960000, 0x0000000100000000)
   the space 21888K,  58% used [0x00000000eb400000, 0x00000000ec0962d0, 0x00000000ec096400, 0x00000000ec960000)
 Metaspace       used 10166K, committed 10368K, reserved 1064960K
  class space    used 1559K, committed 1664K, reserved 1048576K
}
Event: 4,776 GC heap before
{Heap before GC invocations=6 (full 0):
 def new generation   total 9792K, used 8729K [0x00000000e0e00000, 0x00000000e18a0000, 0x00000000eb400000)
  eden space 8704K, 100% used [0x00000000e0e00000, 0x00000000e1680000, 0x00000000e1680000)
  from space 1088K,   2% used [0x00000000e1680000, 0x00000000e16864a0, 0x00000000e1790000)
  to   space 1088K,   0% used [0x00000000e1790000, 0x00000000e1790000, 0x00000000e18a0000)
 tenured generation   total 21888K, used 12888K [0x00000000eb400000, 0x00000000ec960000, 0x0000000100000000)
   the space 21888K,  58% used [0x00000000eb400000, 0x00000000ec0962d0, 0x00000000ec096400, 0x00000000ec960000)
 Metaspace       used 12411K, committed 12608K, reserved 1064960K
  class space    used 1966K, committed 2048K, reserved 1048576K
}
Event: 4,778 GC heap after
{Heap after GC invocations=7 (full 0):
 def new generation   total 9792K, used 1027K [0x00000000e0e00000, 0x00000000e18a0000, 0x00000000eb400000)
  eden space 8704K,   0% used [0x00000000e0e00000, 0x00000000e0e00000, 0x00000000e1680000)
  from space 1088K,  94% used [0x00000000e1790000, 0x00000000e1890c50, 0x00000000e18a0000)
  to   space 1088K,   0% used [0x00000000e1680000, 0x00000000e1680000, 0x00000000e1790000)
 tenured generation   total 21888K, used 12888K [0x00000000eb400000, 0x00000000ec960000, 0x0000000100000000)
   the space 21888K,  58% used [0x00000000eb400000, 0x00000000ec0962d0, 0x00000000ec096400, 0x00000000ec960000)
 Metaspace       used 12411K, committed 12608K, reserved 1064960K
  class space    used 1966K, committed 2048K, reserved 1048576K
}

