# JRE version: Java(TM) SE Runtime Environment (17.0.1+12) (build 17.0.1+12-LTS-39)
# Java VM: Java HotSpot(TM) 64-Bit Server VM (17.0.1+12-LTS-39, mixed mode, sharing, tiered, compressed oops, compressed class ptrs, serial gc, linux-amd64)
GC Precious Log:
 CPUs: 1 total, 1 available
 Memory: 1985M
 Large Page Support: Disabled
 NUMA Support: Disabled
 Compressed Oops: Enabled (32-bit)
 Heap Min Capacity: 8M
 Heap Initial Capacity: 32M
 Heap Max Capacity: 498M
 Pre-touch: Disabled
Heap:
 def new generation   total 9792K, used 5492K [0x00000000e0e00000, 0x00000000e18a0000, 0x00000000eb400000)
  eden space 8704K,  50% used [0x00000000e0e00000, 0x00000000e124d028, 0x00000000e1680000)
  from space 1088K, 100% used [0x00000000e1790000, 0x00000000e18a0000, 0x00000000e18a0000)
  to   space 1088K,   0% used [0x00000000e1680000, 0x00000000e1680000, 0x00000000e1790000)
 tenured generation   total 21888K, used 12861K [0x00000000eb400000, 0x00000000ec960000, 0x0000000100000000)
   the space 21888K,  58% used [0x00000000eb400000, 0x00000000ec08f728, 0x00000000ec08f800, 0x00000000ec960000)
 Metaspace       used 13523K, committed 13824K, reserved 1064960K
  class space    used 2085K, committed 2240K, reserved 1048576K
GC Heap History (14 events):
Event: 0,985 GC heap before
{Heap before GC invocations=0 (full 0):
 def new generation   total 9792K, used 8704K [0x00000000e0e00000, 0x00000000e18a0000, 0x00000000eb400000)
  eden space 8704K, 100% used [0x00000000e0e00000, 0x00000000e1680000, 0x00000000e1680000)
  from space 1088K,   0% used [0x00000000e1680000, 0x00000000e1680000, 0x00000000e1790000)
  to   space 1088K,   0% used [0x00000000e1790000, 0x00000000e1790000, 0x00000000e18a0000)
 tenured generation   total 21888K, used 0K [0x00000000eb400000, 0x00000000ec960000, 0x0000000100000000)
   the space 21888K,   0% used [0x00000000eb400000, 0x00000000eb400000, 0x00000000eb400200, 0x00000000ec960000)
 Metaspace       used 1142K, committed 1280K, reserved 1056768K
  class space    used 108K, committed 128K, reserved 1048576K
}
Event: 0,989 GC heap after
{Heap after GC invocations=1 (full 0):
 def new generation   total 9792K, used 1087K [0x00000000e0e00000, 0x00000000e18a0000, 0x00000000eb400000)
  eden space 8704K,   0% used [0x00000000e0e00000, 0x00000000e0e00000, 0x00000000e1680000)
  from space 1088K,  99% used [0x00000000e1790000, 0x00000000e189fff8, 0x00000000e18a0000)
  to   space 1088K,   0% used [0x00000000e1680000, 0x00000000e1680000, 0x00000000e1790000)
 tenured generation   total 21888K, used 464K [0x00000000eb400000, 0x00000000ec960000, 0x0000000100000000)
   the space 21888K,   2% used [0x00000000eb400000, 0x00000000eb4741e8, 0x00000000eb474200, 0x00000000ec960000)
 Metaspace       used 1142K, committed 1280K, reserved 1056768K
  class space    used 108K, committed 128K, reserved 1048576K
}
Event: 2,636 GC heap before
{Heap before GC invocations=1 (full 0):
 def new generation   total 9792K, used 9766K [0x00000000e0e00000, 0x00000000e18a0000, 0x00000000eb400000)
  eden space 8704K,  99% used [0x00000000e0e00000, 0x00000000e1679bb0, 0x00000000e1680000)
  from space 1088K,  99% used [0x00000000e1790000, 0x00000000e189fff8, 0x00000000e18a0000)
  to   space 1088K,   0% used [0x00000000e1680000, 0x00000000e1680000, 0x00000000e1790000)
 tenured generation   total 21888K, used 464K [0x00000000eb400000, 0x00000000ec960000, 0x0000000100000000)
   the space 21888K,   2% used [0x00000000eb400000, 0x00000000eb4741e8, 0x00000000eb474200, 0x00000000ec960000)
 Metaspace       used 4045K, committed 4224K, reserved 1056768K
  class space    used 477K, committed 576K, reserved 1048576K
}
Event: 2,650 GC heap after
{Heap after GC invocations=2 (full 0):
 def new generation   total 9792K, used 507K [0x00000000e0e00000, 0x00000000e18a0000, 0x00000000eb400000)
  eden space 8704K,   0% used [0x00000000e0e00000, 0x00000000e0e00000, 0x00000000e1680000)
  from space 1088K,  46% used [0x00000000e1680000, 0x00000000e16fed70, 0x00000000e1790000)
  to   space 1088K,   0% used [0x00000000e1790000, 0x00000000e1790000, 0x00000000e18a0000)
 tenured generation   total 21888K, used 1537K [0x00000000eb400000, 0x00000000ec960000, 0x0000000100000000)
   the space 21888K,   7% used [0x00000000eb400000, 0x00000000eb5807d8, 0x00000000eb580800, 0x00000000ec960000)
 Metaspace       used 4045K, committed 4224K, reserved 1056768K
  class space    used 477K, committed 576K, reserved 1048576K
}
Event: 3,218 GC heap before
{Heap before GC invocations=2 (full 0):
 def new generation   total 9792K, used 9211K [0x00000000e0e00000, 0x00000000e18a0000, 0x00000000eb400000)
  eden space 8704K, 100% used [0x00000000e0e00000, 0x00000000e1680000, 0x00000000e1680000)
  from space 1088K,  46% used [0x00000000e1680000, 0x00000000e16fed70, 0x00000000e1790000)
  to   space 1088K,   0% used [0x00000000e1790000, 0x00000000e1790000, 0x00000000e18a0000)
 tenured generation   total 21888K, used 1537K [0x00000000eb400000, 0x00000000ec960000, 0x0000000100000000)
   the space 21888K,   7% used [0x00000000eb400000, 0x00000000eb5807d8, 0x00000000eb580800, 0x00000000ec960000)
 Metaspace       used 6078K, committed 6272K, reserved 1056768K
  class space    used 827K, committed 896K, reserved 1048576K
}
Event: 3,223 GC heap after
{Heap after GC invocations=3 (full 0):
 def new generation   total 9792K, used 1087K [0x00000000e0e00000, 0x00000000e18a0000, 0x00000000eb400000)
  eden space 8704K,   0% used [0x00000000e0e00000, 0x00000000e0e00000, 0x00000000e1680000)
  from space 1088K,  99% used [0x00000000e1790000, 0x00000000e189fff8, 0x00000000e18a0000)
  to   space 1088K,   0% used [0x00000000e1680000, 0x00000000e1680000, 0x00000000e1790000)
 tenured generation   total 21888K, used 2311K [0x00000000eb400000, 0x00000000ec960000, 0x0000000100000000)
   the space 21888K,  10% used [0x00000000eb400000, 0x00000000eb641ca0, 0x00000000eb641e00, 0x00000000ec960000)
 Metaspace       used 6078K, committed 6272K, reserved 1056768K
  class space    used 827K, committed 896K, reserved 1048576K
}
Event: 3,754 GC heap before
{Heap before GC invocations=3 (full 0):
 def new generation   total 9792K, used 9791K [0x00000000e0e00000, 0x00000000e18a0000, 0x00000000eb400000)
  eden space 8704K, 100% used [0x00000000e0e00000, 0x00000000e1680000, 0x00000000e1680000)
  from space 1088K,  99% used [0x00000000e1790000, 0x00000000e189fff8, 0x00000000e18a0000)
  to   space 1088K,   0% used [0x00000000e1680000, 0x00000000e1680000, 0x00000000e1790000)
 tenured generation   total 21888K, used 2311K [0x00000000eb400000, 0x00000000ec960000, 0x0000000100000000)
   the space 21888K,  10% used [0x00000000eb400000, 0x00000000eb641ca0, 0x00000000eb641e00, 0x00000000ec960000)
 Metaspace       used 8511K, committed 8704K, reserved 1064960K
  class space    used 1295K, committed 1408K, reserved 1048576K
}
Event: 3,759 GC heap after
{Heap after GC invocations=4 (full 0):
 def new generation   total 9792K, used 438K [0x00000000e0e00000, 0x00000000e18a0000, 0x00000000eb400000)
  eden space 8704K,   0% used [0x00000000e0e00000, 0x00000000e0e00000, 0x00000000e1680000)
  from space 1088K,  40% used [0x00000000e1680000, 0x00000000e16ed838, 0x00000000e1790000)
  to   space 1088K,   0% used [0x00000000e1790000, 0x00000000e1790000, 0x00000000e18a0000)
 tenured generation   total 21888K, used 3389K [0x00000000eb400000, 0x00000000ec960000, 0x0000000100000000)
   the space 21888K,  15% used [0x00000000eb400000, 0x00000000eb74f768, 0x00000000eb74f800, 0x00000000ec960000)
 Metaspace       used 8511K, committed 8704K, reserved 1064960K
  class space    used 1295K, committed 1408K, reserved 1048576K
}
Event: 4,060 GC heap before
{Heap before GC invocations=4 (full 0):
 def new generation   total 9792K, used 6152K [0x00000000e0e00000, 0x00000000e18a0000, 0x00000000eb400000)
  eden space 8704K,  65% used [0x00000000e0e00000, 0x00000000e1394878, 0x00000000e1680000)
  from space 1088K,  40% used [0x00000000e1680000, 0x00000000e16ed838, 0x00000000e1790000)
  to   space 1088K,   0% used [0x00000000e1790000, 0x00000000e1790000, 0x00000000e18a0000)
 tenured generation   total 21888K, used 3389K [0x00000000eb400000, 0x00000000ec960000, 0x0000000100000000)
   the space 21888K,  15% used [0x00000000eb400000, 0x00000000eb74f768, 0x00000000eb74f800, 0x00000000ec960000)
 Metaspace       used 10093K, committed 10368K, reserved 1064960K
  class space    used 1549K, committed 1664K, reserved 1048576K
}
Event: 4,066 GC heap after
{Heap after GC invocations=5 (full 0):
 def new generation   total 9792K, used 1087K [0x00000000e0e00000, 0x00000000e18a0000, 0x00000000eb400000)
  eden space 8704K,   0% used [0x00000000e0e00000, 0x00000000e0e00000, 0x00000000e1680000)
  from space 1088K,  99% used [0x00000000e1790000, 0x00000000e189fff8, 0x00000000e18a0000)
  to   space 1088K,   0% used [0x00000000e1680000, 0x00000000e1680000, 0x00000000e1790000)
 tenured generation   total 21888K, used 3576K [0x00000000eb400000, 0x00000000ec960000, 0x0000000100000000)
   the space 21888K,  16% used [0x00000000eb400000, 0x00000000eb77e058, 0x00000000eb77e200, 0x00000000ec960000)
 Metaspace       used 10093K, committed 10368K, reserved 1064960K
  class space    used 1549K, committed 1664K, reserved 1048576K
}
Event: 4,100 GC heap before
{Heap before GC invocations=5 (full 0):
 def new generation   total 9792K, used 9791K [0x00000000e0e00000, 0x00000000e18a0000, 0x00000000eb400000)
  eden space 8704K, 100% used [0x00000000e0e00000, 0x00000000e1680000, 0x00000000e1680000)
  from space 1088K,  99% used [0x00000000e1790000, 0x00000000e189fff8, 0x00000000e18a0000)
  to   space 1088K,   0% used [0x00000000e1680000, 0x00000000e1680000, 0x00000000e1790000)
 tenured generation   total 21888K, used 3576K [0x00000000eb400000, 0x00000000ec960000, 0x0000000100000000)
   the space 21888K,  16% used [0x00000000eb400000, 0x00000000eb77e058, 0x00000000eb77e200, 0x00000000ec960000)
 Metaspace       used 10186K, committed 10432K, reserved 1064960K
  class space    used 1561K, committed 1664K, reserved 1048576K
}
Event: 4,117 GC heap after
{Heap after GC invocations=6 (full 0):
 def new generation   total 9792K, used 32K [0x00000000e0e00000, 0x00000000e18a0000, 0x00000000eb400000)
  eden space 8704K,   0% used [0x00000000e0e00000, 0x00000000e0e00000, 0x00000000e1680000)
  from space 1088K,   2% used [0x00000000e1680000, 0x00000000e16881c0, 0x00000000e1790000)
  to   space 1088K,   0% used [0x00000000e1790000, 0x00000000e1790000, 0x00000000e18a0000)
 tenured generation   total 21888K, used 12850K [0x00000000eb400000, 0x00000000ec960000, 0x0000000100000000)
   the space 21888K,  58% used [0x00000000eb400000, 0x00000000ec08cbb8, 0x00000000ec08cc00, 0x00000000ec960000)
 Metaspace       used 10186K, committed 10432K, reserved 1064960K
  class space    used 1561K, committed 1664K, reserved 1048576K
}
Event: 7,904 GC heap before
{Heap before GC invocations=6 (full 0):
 def new generation   total 9792K, used 8736K [0x00000000e0e00000, 0x00000000e18a0000, 0x00000000eb400000)
  eden space 8704K, 100% used [0x00000000e0e00000, 0x00000000e1680000, 0x00000000e1680000)
  from space 1088K,   2% used [0x00000000e1680000, 0x00000000e16881c0, 0x00000000e1790000)
  to   space 1088K,   0% used [0x00000000e1790000, 0x00000000e1790000, 0x00000000e18a0000)
 tenured generation   total 21888K, used 12850K [0x00000000eb400000, 0x00000000ec960000, 0x0000000100000000)
   the space 21888K,  58% used [0x00000000eb400000, 0x00000000ec08cbb8, 0x00000000ec08cc00, 0x00000000ec960000)
 Metaspace       used 12401K, committed 12608K, reserved 1064960K
  class space    used 1963K, committed 2048K, reserved 1048576K
}
Event: 7,906 GC heap after
{Heap after GC invocations=7 (full 0):
 def new generation   total 9792K, used 1088K [0x00000000e0e00000, 0x00000000e18a0000, 0x00000000eb400000)
  eden space 8704K,   0% used [0x00000000e0e00000, 0x00000000e0e00000, 0x00000000e1680000)
  from space 1088K, 100% used [0x00000000e1790000, 0x00000000e18a0000, 0x00000000e18a0000)
  to   space 1088K,   0% used [0x00000000e1680000, 0x00000000e1680000, 0x00000000e1790000)
 tenured generation   total 21888K, used 12861K [0x00000000eb400000, 0x00000000ec960000, 0x0000000100000000)
   the space 21888K,  58% used [0x00000000eb400000, 0x00000000ec08f728, 0x00000000ec08f800, 0x00000000ec960000)
 Metaspace       used 12401K, committed 12608K, reserved 1064960K
  class space    used 1963K, committed 2048K, reserved 1048576K
}

